  OpenGL.cpp
C:\Users\郭子赫\Desktop\学校资料\图形学\CW\1823116_Guo_Zihe\OpenGL.cpp(31,25): warning C4305: “初始化”: 从“double”到“GLfloat”截断
C:\Users\郭子赫\Desktop\学校资料\图形学\CW\1823116_Guo_Zihe\OpenGL.cpp(39,27): warning C4305: “参数”: 从“double”到“GLclampf”截断
C:\Users\郭子赫\Desktop\学校资料\图形学\CW\1823116_Guo_Zihe\OpenGL.cpp(54,79): warning C4244: “参数”: 从“double”转换到“GLfloat”，可能丢失数据
C:\Users\郭子赫\Desktop\学校资料\图形学\CW\1823116_Guo_Zihe\OpenGL.cpp(53,89): warning C4244: “参数”: 从“double”转换到“GLfloat”，可能丢失数据
C:\Users\郭子赫\Desktop\学校资料\图形学\CW\1823116_Guo_Zihe\OpenGL.cpp(60,60): warning C4244: “参数”: 从“double”转换到“GLfloat”，可能丢失数据
C:\Users\郭子赫\Desktop\学校资料\图形学\CW\1823116_Guo_Zihe\OpenGL.cpp(61,65): warning C4244: “参数”: 从“double”转换到“GLfloat”，可能丢失数据
C:\Users\郭子赫\Desktop\学校资料\图形学\CW\1823116_Guo_Zihe\OpenGL.cpp(92,56): warning C4244: “参数”: 从“double”转换到“GLfloat”，可能丢失数据
C:\Users\郭子赫\Desktop\学校资料\图形学\CW\1823116_Guo_Zihe\OpenGL.cpp(91,64): warning C4244: “参数”: 从“double”转换到“GLfloat”，可能丢失数据
C:\Users\郭子赫\Desktop\学校资料\图形学\CW\1823116_Guo_Zihe\OpenGL.cpp(101,18): warning C4244: “参数”: 从“int”转换到“GLfloat”，可能丢失数据
C:\Users\郭子赫\Desktop\学校资料\图形学\CW\1823116_Guo_Zihe\OpenGL.cpp(101,15): warning C4244: “参数”: 从“int”转换到“GLfloat”，可能丢失数据
C:\Users\郭子赫\Desktop\学校资料\图形学\CW\1823116_Guo_Zihe\OpenGL.cpp(108,16): warning C4244: “参数”: 从“int”转换到“GLfloat”，可能丢失数据
C:\Users\郭子赫\Desktop\学校资料\图形学\CW\1823116_Guo_Zihe\OpenGL.cpp(115,19): warning C4244: “参数”: 从“int”转换到“GLfloat”，可能丢失数据
C:\Users\郭子赫\Desktop\学校资料\图形学\CW\1823116_Guo_Zihe\OpenGL.cpp(117,13): warning C4244: “参数”: 从“int”转换到“GLfloat”，可能丢失数据
C:\Users\郭子赫\Desktop\学校资料\图形学\CW\1823116_Guo_Zihe\OpenGL.cpp(120,17): warning C4244: “参数”: 从“int”转换到“GLfloat”，可能丢失数据
C:\Users\郭子赫\Desktop\学校资料\图形学\CW\1823116_Guo_Zihe\OpenGL.cpp(123,20): warning C4244: “参数”: 从“int”转换到“GLfloat”，可能丢失数据
C:\Users\郭子赫\Desktop\学校资料\图形学\CW\1823116_Guo_Zihe\OpenGL.cpp(126,17): warning C4244: “参数”: 从“int”转换到“GLfloat”，可能丢失数据
C:\Users\郭子赫\Desktop\学校资料\图形学\CW\1823116_Guo_Zihe\OpenGL.cpp(128,19): warning C4244: “参数”: 从“int”转换到“GLfloat”，可能丢失数据
C:\Users\郭子赫\Desktop\学校资料\图形学\CW\1823116_Guo_Zihe\OpenGL.cpp(136,19): warning C4244: “参数”: 从“int”转换到“GLfloat”，可能丢失数据
C:\Users\郭子赫\Desktop\学校资料\图形学\CW\1823116_Guo_Zihe\OpenGL.cpp(138,13): warning C4244: “参数”: 从“int”转换到“GLfloat”，可能丢失数据
C:\Users\郭子赫\Desktop\学校资料\图形学\CW\1823116_Guo_Zihe\OpenGL.cpp(141,17): warning C4244: “参数”: 从“int”转换到“GLfloat”，可能丢失数据
C:\Users\郭子赫\Desktop\学校资料\图形学\CW\1823116_Guo_Zihe\OpenGL.cpp(144,19): warning C4244: “参数”: 从“int”转换到“GLfloat”，可能丢失数据
C:\Users\郭子赫\Desktop\学校资料\图形学\CW\1823116_Guo_Zihe\OpenGL.cpp(147,17): warning C4244: “参数”: 从“int”转换到“GLfloat”，可能丢失数据
C:\Users\郭子赫\Desktop\学校资料\图形学\CW\1823116_Guo_Zihe\OpenGL.cpp(149,19): warning C4244: “参数”: 从“int”转换到“GLfloat”，可能丢失数据
C:\Users\郭子赫\Desktop\学校资料\图形学\CW\1823116_Guo_Zihe\OpenGL.cpp(165,21): warning C4244: “=”: 从“double”转换到“GLfloat”，可能丢失数据
C:\Users\郭子赫\Desktop\学校资料\图形学\CW\1823116_Guo_Zihe\OpenGL.cpp(177,15): warning C4244: “初始化”: 从“double”转换到“float”，可能丢失数据
C:\Users\郭子赫\Desktop\学校资料\图形学\CW\1823116_Guo_Zihe\OpenGL.cpp(178,15): warning C4244: “初始化”: 从“double”转换到“float”，可能丢失数据
C:\Users\郭子赫\Desktop\学校资料\图形学\CW\1823116_Guo_Zihe\OpenGL.cpp(180,58): warning C4244: “=”: 从“double”转换到“GLfloat”，可能丢失数据
C:\Users\郭子赫\Desktop\学校资料\图形学\CW\1823116_Guo_Zihe\OpenGL.cpp(181,58): warning C4244: “=”: 从“double”转换到“GLfloat”，可能丢失数据
C:\Users\郭子赫\Desktop\学校资料\图形学\CW\1823116_Guo_Zihe\OpenGL.cpp(224,19): warning C4244: “参数”: 从“double”转换到“GLfloat”，可能丢失数据
C:\Users\郭子赫\Desktop\学校资料\图形学\CW\1823116_Guo_Zihe\OpenGL.cpp(224,14): warning C4244: “参数”: 从“double”转换到“GLfloat”，可能丢失数据
C:\Users\郭子赫\Desktop\学校资料\图形学\CW\1823116_Guo_Zihe\OpenGL.cpp(225,19): warning C4244: “参数”: 从“double”转换到“GLfloat”，可能丢失数据
C:\Users\郭子赫\Desktop\学校资料\图形学\CW\1823116_Guo_Zihe\OpenGL.cpp(225,14): warning C4244: “参数”: 从“double”转换到“GLfloat”，可能丢失数据
C:\Users\郭子赫\Desktop\学校资料\图形学\CW\1823116_Guo_Zihe\OpenGL.cpp(226,20): warning C4244: “参数”: 从“double”转换到“GLfloat”，可能丢失数据
C:\Users\郭子赫\Desktop\学校资料\图形学\CW\1823116_Guo_Zihe\OpenGL.cpp(226,14): warning C4244: “参数”: 从“double”转换到“GLfloat”，可能丢失数据
C:\Users\郭子赫\Desktop\学校资料\图形学\CW\1823116_Guo_Zihe\OpenGL.cpp(227,20): warning C4244: “参数”: 从“double”转换到“GLfloat”，可能丢失数据
C:\Users\郭子赫\Desktop\学校资料\图形学\CW\1823116_Guo_Zihe\OpenGL.cpp(227,14): warning C4244: “参数”: 从“double”转换到“GLfloat”，可能丢失数据
C:\Users\郭子赫\Desktop\学校资料\图形学\CW\1823116_Guo_Zihe\OpenGL.cpp(228,19): warning C4244: “参数”: 从“double”转换到“GLfloat”，可能丢失数据
C:\Users\郭子赫\Desktop\学校资料\图形学\CW\1823116_Guo_Zihe\OpenGL.cpp(228,14): warning C4244: “参数”: 从“double”转换到“GLfloat”，可能丢失数据
C:\Users\郭子赫\Desktop\学校资料\图形学\CW\1823116_Guo_Zihe\OpenGL.cpp(229,19): warning C4244: “参数”: 从“double”转换到“GLfloat”，可能丢失数据
C:\Users\郭子赫\Desktop\学校资料\图形学\CW\1823116_Guo_Zihe\OpenGL.cpp(229,14): warning C4244: “参数”: 从“double”转换到“GLfloat”，可能丢失数据
C:\Users\郭子赫\Desktop\学校资料\图形学\CW\1823116_Guo_Zihe\OpenGL.cpp(230,20): warning C4244: “参数”: 从“double”转换到“GLfloat”，可能丢失数据
C:\Users\郭子赫\Desktop\学校资料\图形学\CW\1823116_Guo_Zihe\OpenGL.cpp(230,14): warning C4244: “参数”: 从“double”转换到“GLfloat”，可能丢失数据
C:\Users\郭子赫\Desktop\学校资料\图形学\CW\1823116_Guo_Zihe\OpenGL.cpp(231,20): warning C4244: “参数”: 从“double”转换到“GLfloat”，可能丢失数据
C:\Users\郭子赫\Desktop\学校资料\图形学\CW\1823116_Guo_Zihe\OpenGL.cpp(231,14): warning C4244: “参数”: 从“double”转换到“GLfloat”，可能丢失数据
C:\Users\郭子赫\Desktop\学校资料\图形学\CW\1823116_Guo_Zihe\OpenGL.cpp(273,58): warning C4244: “参数”: 从“double”转换到“GLfloat”，可能丢失数据
C:\Users\郭子赫\Desktop\学校资料\图形学\CW\1823116_Guo_Zihe\OpenGL.cpp(272,18): warning C4244: “参数”: 从“double”转换到“GLfloat”，可能丢失数据
C:\Users\郭子赫\Desktop\学校资料\图形学\CW\1823116_Guo_Zihe\OpenGL.cpp(331,20): warning C4305: “+=”: 从“double”到“GLfloat”截断
C:\Users\郭子赫\Desktop\学校资料\图形学\CW\1823116_Guo_Zihe\OpenGL.cpp(335,20): warning C4305: “-=”: 从“double”到“GLfloat”截断
C:\Users\郭子赫\Desktop\学校资料\图形学\CW\1823116_Guo_Zihe\OpenGL.cpp(376,18): warning C4244: “=”: 从“double”转换到“GLfloat”，可能丢失数据
C:\Users\郭子赫\Desktop\学校资料\图形学\CW\1823116_Guo_Zihe\OpenGL.cpp(381,18): warning C4244: “=”: 从“double”转换到“GLfloat”，可能丢失数据
  OpenGL.vcxproj -> C:\Users\郭子赫\Desktop\学校资料\图形学\1823116_Guo_ZIhe\OpenGL\x64\Debug\cw1.exe
